Log file open, 01/01/20 13:03:57
LogWindows: Failed to load 'aqProf.dll' (GetLastError=126)
LogWindows: File 'aqProf.dll' does not exist
LogWindows: Failed to load 'VtuneApi.dll' (GetLastError=126)
LogWindows: File 'VtuneApi.dll' does not exist
LogWindows: Failed to load 'VtuneApi32e.dll' (GetLastError=126)
LogWindows: File 'VtuneApi32e.dll' does not exist
LogConsoleResponse: Display: Failed to find resolution value strings in scalability ini. Falling back to default.
LogInit: Display: Running engine for game: MyProject
LogPakFile: Registered encryption key '00000000000000000000000000000000': 0 pak files mounted, 0 remain pending
LogPlatformFile: Not using cached read wrapper
LogTaskGraph: Started task graph with 5 named threads and 35 total threads with 3 sets of task threads.
LogStats: Stats thread started at 0.472763
LogD3D11RHI: Loaded GFSDK_Aftermath_Lib.x64.dll
LogICUInternationalization: ICU TimeZone Detection - Raw Offset: -8:00, Platform Override: ''
LogPluginManager: Mounting plugin Paper2D
LogPluginManager: Mounting plugin AISupport
LogPluginManager: Mounting plugin LightPropagationVolume
LogPluginManager: Mounting plugin ActorLayerUtilities
LogPluginManager: Mounting plugin AnimationSharing
LogPluginManager: Mounting plugin CLionSourceCodeAccess
LogPluginManager: Mounting plugin CodeLiteSourceCodeAccess
LogPluginManager: Mounting plugin GitSourceControl
LogPluginManager: Mounting plugin KDevelopSourceCodeAccess
LogPluginManager: Mounting plugin NullSourceCodeAccess
LogPluginManager: Mounting plugin PerforceSourceControl
LogPluginManager: Mounting plugin SubversionSourceControl
LogPluginManager: Mounting plugin UObjectPlugin
LogPluginManager: Mounting plugin VisualStudioCodeSourceCodeAccess
LogPluginManager: Mounting plugin VisualStudioSourceCodeAccess
LogPluginManager: Mounting plugin XCodeSourceCodeAccess
LogPluginManager: Mounting plugin AssetManagerEditor
LogPluginManager: Mounting plugin CryptoKeys
LogPluginManager: Mounting plugin DataValidation
LogPluginManager: Mounting plugin FacialAnimation
LogPluginManager: Mounting plugin GameplayTagsEditor
LogPluginManager: Mounting plugin MacGraphicsSwitching
LogPluginManager: Mounting plugin MaterialAnalyzer
LogPluginManager: Mounting plugin MobileLauncherProfileWizard
LogPluginManager: Mounting plugin PluginBrowser
LogPluginManager: Mounting plugin SpeedTreeImporter
LogPluginManager: Mounting plugin DatasmithContent
LogPluginManager: Mounting plugin VariantManagerContent
LogPluginManager: Mounting plugin AlembicImporter
LogPluginManager: Mounting plugin AppleImageUtils
LogPluginManager: Mounting plugin AppleVision
LogPluginManager: Mounting plugin BackChannel
LogPluginManager: Mounting plugin CharacterAI
LogPluginManager: Mounting plugin GeometryCache
LogPluginManager: Mounting plugin HTML5Networking
LogPluginManager: Mounting plugin ProxyLODPlugin
LogPluginManager: Mounting plugin SkeletalReduction
LogPluginManager: Mounting plugin MagicLeap
LogPluginManager: Mounting plugin MagicLeapMedia
LogPluginManager: Mounting plugin AndroidMedia
LogPluginManager: Mounting plugin AvfMedia
LogPluginManager: Mounting plugin ImgMedia
LogPluginManager: Mounting plugin LinearTimecode
LogPluginManager: Mounting plugin MediaCompositing
LogPluginManager: Mounting plugin MediaPlayerEditor
LogPluginManager: Mounting plugin WebMMedia
LogPluginManager: Mounting plugin WmfMedia
LogPluginManager: Mounting plugin TcpMessaging
LogPluginManager: Mounting plugin UdpMessaging
LogPluginManager: Mounting plugin ActorSequence
LogPluginManager: Mounting plugin LevelSequenceEditor
LogPluginManager: Mounting plugin MatineeToLevelSequence
LogPluginManager: Mounting plugin NetcodeUnitTest
LogPluginManager: Mounting plugin NUTUnrealEngine4
LogPluginManager: Mounting plugin OnlineSubsystemGooglePlay
LogPluginManager: Mounting plugin OnlineSubsystemIOS
LogPluginManager: Mounting plugin OnlineSubsystem
LogPluginManager: Mounting plugin OnlineSubsystemNull
LogPluginManager: Mounting plugin OnlineSubsystemUtils
LogPluginManager: Mounting plugin LauncherChunkInstaller
LogPluginManager: Mounting plugin AndroidDeviceProfileSelector
LogPluginManager: Mounting plugin AndroidMoviePlayer
LogPluginManager: Mounting plugin AndroidPermission
LogPluginManager: Mounting plugin AppleMoviePlayer
LogPluginManager: Mounting plugin ArchVisCharacter
LogPluginManager: Mounting plugin AudioCapture
LogPluginManager: Mounting plugin CableComponent
LogPluginManager: Mounting plugin CustomMeshComponent
LogPluginManager: Mounting plugin EditableMesh
LogPluginManager: Mounting plugin ExampleDeviceProfileSelector
LogPluginManager: Mounting plugin Firebase
LogPluginManager: Mounting plugin GoogleCloudMessaging
LogPluginManager: Mounting plugin IOSDeviceProfileSelector
LogPluginManager: Mounting plugin LinuxDeviceProfileSelector
LogPluginManager: Mounting plugin LocationServicesBPLibrary
LogPluginManager: Mounting plugin MobilePatchingUtils
LogPluginManager: Mounting plugin OculusVR
LogPluginManager: Mounting plugin PhysXVehicles
LogPluginManager: Mounting plugin ProceduralMeshComponent
LogPluginManager: Mounting plugin RuntimePhysXCooking
LogPluginManager: Mounting plugin SignificanceManager
LogPluginManager: Mounting plugin SteamVR
LogPluginManager: Mounting plugin WebMMoviePlayer
LogPluginManager: Mounting plugin WindowsMoviePlayer
LogInit: Using libcurl 7.55.1-DEV
LogInit:  - built for x86_64-pc-win32
LogInit:  - supports SSL with OpenSSL/1.1.1
LogInit:  - supports HTTP deflate (compression) using libz 1.2.8
LogInit:  - other features:
LogInit:      CURL_VERSION_SSL
LogInit:      CURL_VERSION_LIBZ
LogInit:      CURL_VERSION_IPV6
LogInit:      CURL_VERSION_ASYNCHDNS
LogInit:      CURL_VERSION_LARGEFILE
LogInit:      CURL_VERSION_IDN
LogInit:  CurlRequestOptions (configurable via config and command line):
LogInit:  - bVerifyPeer = true  - Libcurl will verify peer certificate
LogInit:  - bUseHttpProxy = false  - Libcurl will NOT use HTTP proxy
LogInit:  - bDontReuseConnections = false  - Libcurl will reuse connections
LogInit:  - MaxHostConnections = 16  - Libcurl will limit the number of connections to a host
LogInit:  - LocalHostAddr = Default
LogInit:  - BufferSize = 65536
LogInit: WinSock: version 1.1 (2.2), MaxSocks=32767, MaxUdp=65467
LogInit: Build: ++UE4+Release-4.22-CL-7053642
LogInit: Engine Version: 4.22.3-7053642+++UE4+Release-4.22
LogInit: Compatible Engine Version: 4.22.0-5660361+++UE4+Release-4.22
LogInit: Net CL: 5660361
LogInit: OS: Windows 10 (Release 1809) (), CPU: AMD Ryzen 5 2600 Six-Core Processor            , GPU: Radeon (TM) RX 470 Graphics
LogInit: Compiled (64-bit): Jun 18 2019 03:09:11
LogInit: Compiled with Visual C++: 19.16.27025.01
LogInit: Build Configuration: Development
LogInit: Branch Name: ++UE4+Release-4.22
LogInit: Command Line: 
LogInit: Base Directory: D:/UE_4.22/Engine/Binaries/Win64/
LogInit: Installed Engine Build: 1
LogDevObjectVersion: Number of dev versions registered: 23
LogDevObjectVersion:   Dev-Blueprints (B0D832E4-1F89-4F0D-ACCF-7EB736FD4AA2): 10
LogDevObjectVersion:   Dev-Build (E1C64328-A22C-4D53-A36C-8E866417BD8C): 0
LogDevObjectVersion:   Dev-Core (375EC13C-06E4-48FB-B500-84F0262A717E): 3
LogDevObjectVersion:   Dev-Editor (E4B068ED-F494-42E9-A231-DA0B2E46BB41): 30
LogDevObjectVersion:   Dev-Framework (CFFC743F-43B0-4480-9391-14DF171D2073): 35
LogDevObjectVersion:   Dev-Mobile (B02B49B5-BB20-44E9-A304-32B752E40360): 2
LogDevObjectVersion:   Dev-Networking (A4E4105C-59A1-49B5-A7C5-40C4547EDFEE): 0
LogDevObjectVersion:   Dev-Online (39C831C9-5AE6-47DC-9A44-9C173E1C8E7C): 0
LogDevObjectVersion:   Dev-Physics (78F01B33-EBEA-4F98-B9B4-84EACCB95AA2): 0
LogDevObjectVersion:   Dev-Platform (6631380F-2D4D-43E0-8009-CF276956A95A): 0
LogDevObjectVersion:   Dev-Rendering (12F88B9F-8875-4AFC-A67C-D90C383ABD29): 28
LogDevObjectVersion:   Dev-Sequencer (7B5AE74C-D270-4C10-A958-57980B212A5A): 11
LogDevObjectVersion:   Dev-VR (D7296918-1DD6-4BDD-9DE2-64A83CC13884): 2
LogDevObjectVersion:   Dev-LoadTimes (C2A15278-BFE7-4AFE-6C17-90FF531DF755): 1
LogDevObjectVersion:   Private-Geometry (6EACA3D4-40EC-4CC1-B786-8BED09428FC5): 3
LogDevObjectVersion:   Dev-AnimPhys (29E575DD-E0A3-4627-9D10-D276232CDCEA): 17
LogDevObjectVersion:   Dev-Anim (AF43A65D-7FD3-4947-9873-3E8ED9C1BB05): 2
LogDevObjectVersion:   Dev-ReflectionCapture (6B266CEC-1EC7-4B8F-A30B-E4D90942FC07): 1
LogDevObjectVersion:   Dev-Automation (0DF73D61-A23F-47EA-B727-89E90C41499A): 1
LogDevObjectVersion:   FortniteMain (601D1886-AC64-4F84-AA16-D3DE0DEAC7D6): 25
LogDevObjectVersion:   Dev-Enterprise (9DFFBCD6-494F-0158-E221-12823C92A888): 6
LogDevObjectVersion:   Dev-Niagara (F2AED0AC-9AFE-416F-8664-AA7FFA26D6FC): 1
LogDevObjectVersion:   Dev-Destruction (174F1F0B-B4C6-45A5-B13F-2EE8D0FB917D): 2
LogInit: Presizing for max 16777216 objects, including 0 objects not considered by GC, pre-allocating 0 bytes for permanent pool.
LogInit: Object subsystem initialized
LogConfig: Setting CVar [[con.DebugEarlyDefault:1]]
LogConfig: Setting CVar [[r.setres:1280x720]]
[2020.01.01-21.03.58:846][  0]LogConfig: Setting CVar [[r.VSync:0]]
[2020.01.01-21.03.58:846][  0]LogConfig: Setting CVar [[r.RHICmdBypass:0]]
[2020.01.01-21.03.58:846][  0]LogConfig: Applying CVar settings from Section [/Script/Engine.RendererSettings] File [D:/James/MyProject/Saved/Config/Windows/Engine.ini]
[2020.01.01-21.03.58:846][  0]LogConfig: Setting CVar [[r.GPUCrashDebugging:0]]
[2020.01.01-21.03.58:846][  0]LogConfig: Applying CVar settings from Section [/Script/Engine.RendererOverrideSettings] File [D:/James/MyProject/Saved/Config/Windows/Engine.ini]
[2020.01.01-21.03.58:847][  0]LogConfig: Applying CVar settings from Section [/Script/Engine.StreamingSettings] File [D:/James/MyProject/Saved/Config/Windows/Engine.ini]
[2020.01.01-21.03.58:847][  0]LogConfig: Setting CVar [[s.MinBulkDataSizeForAsyncLoading:131072]]
[2020.01.01-21.03.58:847][  0]LogConfig: Setting CVar [[s.AsyncLoadingThreadEnabled:0]]
[2020.01.01-21.03.58:847][  0]LogConfig: Setting CVar [[s.EventDrivenLoaderEnabled:1]]
[2020.01.01-21.03.58:847][  0]LogConfig: Setting CVar [[s.WarnIfTimeLimitExceeded:0]]
[2020.01.01-21.03.58:847][  0]LogConfig: Setting CVar [[s.TimeLimitExceededMultiplier:1.5]]
[2020.01.01-21.03.58:847][  0]LogConfig: Setting CVar [[s.TimeLimitExceededMinTime:0.005]]
[2020.01.01-21.03.58:847][  0]LogConfig: Setting CVar [[s.UseBackgroundLevelStreaming:1]]
[2020.01.01-21.03.58:847][  0]LogConfig: Setting CVar [[s.PriorityAsyncLoadingExtraTime:15.0]]
[2020.01.01-21.03.58:847][  0]LogConfig: Setting CVar [[s.LevelStreamingActorsUpdateTimeLimit:5.0]]
[2020.01.01-21.03.58:847][  0]LogConfig: Setting CVar [[s.PriorityLevelStreamingActorsUpdateExtraTime:5.0]]
[2020.01.01-21.03.58:847][  0]LogConfig: Setting CVar [[s.LevelStreamingComponentsRegistrationGranularity:10]]
[2020.01.01-21.03.58:847][  0]LogConfig: Setting CVar [[s.UnregisterComponentsTimeLimit:1.0]]
[2020.01.01-21.03.58:847][  0]LogConfig: Setting CVar [[s.LevelStreamingComponentsUnregistrationGranularity:5]]
[2020.01.01-21.03.58:847][  0]LogConfig: Applying CVar settings from Section [/Script/Engine.GarbageCollectionSettings] File [D:/James/MyProject/Saved/Config/Windows/Engine.ini]
[2020.01.01-21.03.58:847][  0]LogConfig: Setting CVar [[gc.MaxObjectsNotConsideredByGC:1]]
[2020.01.01-21.03.58:847][  0]LogConfig: Setting CVar [[gc.SizeOfPermanentObjectPool:0]]
[2020.01.01-21.03.58:847][  0]LogConfig: Setting CVar [[gc.FlushStreamingOnGC:0]]
[2020.01.01-21.03.58:847][  0]LogConfig: Setting CVar [[gc.NumRetriesBeforeForcingGC:10]]
[2020.01.01-21.03.58:847][  0]LogConfig: Setting CVar [[gc.AllowParallelGC:1]]
[2020.01.01-21.03.58:847][  0]LogConfig: Setting CVar [[gc.TimeBetweenPurgingPendingKillObjects:61.1]]
[2020.01.01-21.03.58:847][  0]LogConfig: Setting CVar [[gc.MaxObjectsInEditor:16777216]]
[2020.01.01-21.03.58:847][  0]LogConfig: Setting CVar [[gc.IncrementalBeginDestroyEnabled:1]]
[2020.01.01-21.03.58:847][  0]LogConfig: Setting CVar [[gc.CreateGCClusters:1]]
[2020.01.01-21.03.58:847][  0]LogConfig: Setting CVar [[gc.MinGCClusterSize:5]]
[2020.01.01-21.03.58:847][  0]LogConfig: Setting CVar [[gc.ActorClusteringEnabled:0]]
[2020.01.01-21.03.58:847][  0]LogConfig: Setting CVar [[gc.BlueprintClusteringEnabled:0]]
[2020.01.01-21.03.58:847][  0]LogConfig: Setting CVar [[gc.UseDisregardForGCOnDedicatedServers:0]]
[2020.01.01-21.03.58:847][  0]LogConfig: Applying CVar settings from Section [/Script/Engine.NetworkSettings] File [D:/James/MyProject/Saved/Config/Windows/Engine.ini]
[2020.01.01-21.03.58:847][  0]LogConfig: Applying CVar settings from Section [/Script/UnrealEd.CookerSettings] File [D:/James/MyProject/Saved/Config/Windows/Engine.ini]
[2020.01.01-21.03.58:849][  0]LogConfig: Applying CVar settings from Section [ViewDistanceQuality@3] File [D:/James/MyProject/Saved/Config/Windows/Scalability.ini]
[2020.01.01-21.03.58:849][  0]LogConfig: Setting CVar [[r.SkeletalMeshLODBias:0]]
[2020.01.01-21.03.58:849][  0]LogConfig: Setting CVar [[r.ViewDistanceScale:1.0]]
[2020.01.01-21.03.58:849][  0]LogConfig: Applying CVar settings from Section [AntiAliasingQuality@3] File [D:/James/MyProject/Saved/Config/Windows/Scalability.ini]
[2020.01.01-21.03.58:849][  0]LogConfig: Setting CVar [[r.PostProcessAAQuality:4]]
[2020.01.01-21.03.58:849][  0]LogConfig: Applying CVar settings from Section [ShadowQuality@3] File [D:/James/MyProject/Saved/Config/Windows/Scalability.ini]
[2020.01.01-21.03.58:849][  0]LogConfig: Setting CVar [[r.LightFunctionQuality:1]]
[2020.01.01-21.03.58:849][  0]LogConfig: Setting CVar [[r.ShadowQuality:5]]
[2020.01.01-21.03.58:849][  0]LogConfig: Setting CVar [[r.Shadow.CSM.MaxCascades:10]]
[2020.01.01-21.03.58:849][  0]LogConfig: Setting CVar [[r.Shadow.MaxResolution:2048]]
[2020.01.01-21.03.58:849][  0]LogConfig: Setting CVar [[r.Shadow.MaxCSMResolution:2048]]
[2020.01.01-21.03.58:849][  0]LogConfig: Setting CVar [[r.Shadow.RadiusThreshold:0.01]]
[2020.01.01-21.03.58:850][  0]LogConfig: Setting CVar [[r.Shadow.DistanceScale:1.0]]
[2020.01.01-21.03.58:850][  0]LogConfig: Setting CVar [[r.Shadow.CSM.TransitionScale:1.0]]
[2020.01.01-21.03.58:850][  0]LogConfig: Setting CVar [[r.Shadow.PreShadowResolutionFactor:1.0]]
[2020.01.01-21.03.58:850][  0]LogConfig: Setting CVar [[r.DistanceFieldShadowing:1]]
[2020.01.01-21.03.58:850][  0]LogConfig: Setting CVar [[r.DistanceFieldAO:1]]
[2020.01.01-21.03.58:850][  0]LogConfig: Setting CVar [[r.AOQuality:2]]
[2020.01.01-21.03.58:850][  0]LogConfig: Setting CVar [[r.VolumetricFog:1]]
[2020.01.01-21.03.58:850][  0]LogConfig: Setting CVar [[r.VolumetricFog.GridPixelSize:8]]
[2020.01.01-21.03.58:850][  0]LogConfig: Setting CVar [[r.VolumetricFog.GridSizeZ:128]]
[2020.01.01-21.03.58:850][  0]LogConfig: Setting CVar [[r.VolumetricFog.HistoryMissSupersampleCount:4]]
[2020.01.01-21.03.58:850][  0]LogConfig: Setting CVar [[r.LightMaxDrawDistanceScale:1]]
[2020.01.01-21.03.58:850][  0]LogConfig: Setting CVar [[r.CapsuleShadows:1]]
[2020.01.01-21.03.58:850][  0]LogConfig: Applying CVar settings from Section [PostProcessQuality@3] File [D:/James/MyProject/Saved/Config/Windows/Scalability.ini]
[2020.01.01-21.03.58:850][  0]LogConfig: Setting CVar [[r.MotionBlurQuality:4]]
[2020.01.01-21.03.58:850][  0]LogConfig: Setting CVar [[r.AmbientOcclusionMipLevelFactor:0.4]]
[2020.01.01-21.03.58:850][  0]LogConfig: Setting CVar [[r.AmbientOcclusionMaxQuality:100]]
[2020.01.01-21.03.58:850][  0]LogConfig: Setting CVar [[r.AmbientOcclusionLevels:-1]]
[2020.01.01-21.03.58:850][  0]LogConfig: Setting CVar [[r.AmbientOcclusionRadiusScale:1.0]]
[2020.01.01-21.03.58:850][  0]LogConfig: Setting CVar [[r.DepthOfFieldQuality:2]]
[2020.01.01-21.03.58:850][  0]LogConfig: Setting CVar [[r.RenderTargetPoolMin:400]]
[2020.01.01-21.03.58:850][  0]LogConfig: Setting CVar [[r.LensFlareQuality:2]]
[2020.01.01-21.03.58:850][  0]LogConfig: Setting CVar [[r.SceneColorFringeQuality:1]]
[2020.01.01-21.03.58:850][  0]LogConfig: Setting CVar [[r.EyeAdaptationQuality:2]]
[2020.01.01-21.03.58:850][  0]LogConfig: Setting CVar [[r.BloomQuality:5]]
[2020.01.01-21.03.58:850][  0]LogConfig: Setting CVar [[r.FastBlurThreshold:100]]
[2020.01.01-21.03.58:850][  0]LogConfig: Setting CVar [[r.Upscale.Quality:3]]
[2020.01.01-21.03.58:850][  0]LogConfig: Setting CVar [[r.Tonemapper.GrainQuantization:1]]
[2020.01.01-21.03.58:850][  0]LogConfig: Setting CVar [[r.LightShaftQuality:1]]
[2020.01.01-21.03.58:850][  0]LogConfig: Setting CVar [[r.Filter.SizeScale:1]]
[2020.01.01-21.03.58:850][  0]LogConfig: Setting CVar [[r.Tonemapper.Quality:5]]
[2020.01.01-21.03.58:850][  0]LogConfig: Setting CVar [[r.DOF.Gather.AccumulatorQuality:1        ; higher gathering accumulator quality]]
[2020.01.01-21.03.58:850][  0]LogConfig: Setting CVar [[r.DOF.Gather.PostfilterMethod:1          ; Median3x3 postfilering method]]
[2020.01.01-21.03.58:850][  0]LogConfig: Setting CVar [[r.DOF.Gather.EnableBokehSettings:0       ; no bokeh simulation when gathering]]
[2020.01.01-21.03.58:850][  0]LogConfig: Setting CVar [[r.DOF.Gather.RingCount:4                 ; medium number of samples when gathering]]
[2020.01.01-21.03.58:850][  0]LogConfig: Setting CVar [[r.DOF.Scatter.ForegroundCompositing:1    ; additive foreground scattering]]
[2020.01.01-21.03.58:850][  0]LogConfig: Setting CVar [[r.DOF.Scatter.BackgroundCompositing:2    ; additive background scattering]]
[2020.01.01-21.03.58:850][  0]LogConfig: Setting CVar [[r.DOF.Scatter.EnableBokehSettings:1      ; bokeh simulation when scattering]]
[2020.01.01-21.03.58:850][  0]LogConfig: Setting CVar [[r.DOF.Scatter.MaxSpriteRatio:0.1         ; only a maximum of 10% of scattered bokeh]]
[2020.01.01-21.03.58:850][  0]LogConfig: Setting CVar [[r.DOF.Recombine.Quality:1                ; cheap slight out of focus]]
[2020.01.01-21.03.58:850][  0]LogConfig: Setting CVar [[r.DOF.Recombine.EnableBokehSettings:0    ; no bokeh simulation on slight out of focus]]
[2020.01.01-21.03.58:850][  0]LogConfig: Setting CVar [[r.DOF.TemporalAAQuality:1                ; more stable temporal accumulation]]
[2020.01.01-21.03.58:850][  0]LogConfig: Setting CVar [[r.DOF.Kernel.MaxForegroundRadius:0.025]]
[2020.01.01-21.03.58:850][  0]LogConfig: Setting CVar [[r.DOF.Kernel.MaxBackgroundRadius:0.025]]
[2020.01.01-21.03.58:850][  0]LogConfig: Applying CVar settings from Section [TextureQuality@3] File [D:/James/MyProject/Saved/Config/Windows/Scalability.ini]
[2020.01.01-21.03.58:850][  0]LogConfig: Setting CVar [[r.Streaming.MipBias:0]]
[2020.01.01-21.03.58:850][  0]LogConfig: Setting CVar [[r.Streaming.AmortizeCPUToGPUCopy:0]]
[2020.01.01-21.03.58:850][  0]LogConfig: Setting CVar [[r.Streaming.MaxNumTexturesToStreamPerFrame:0]]
[2020.01.01-21.03.58:850][  0]LogConfig: Setting CVar [[r.Streaming.Boost:1]]
[2020.01.01-21.03.58:850][  0]LogConfig: Setting CVar [[r.MaxAnisotropy:8]]
[2020.01.01-21.03.58:850][  0]LogConfig: Setting CVar [[r.Streaming.LimitPoolSizeToVRAM:0]]
[2020.01.01-21.03.58:850][  0]LogConfig: Setting CVar [[r.Streaming.PoolSize:1000]]
[2020.01.01-21.03.58:850][  0]LogConfig: Setting CVar [[r.Streaming.MaxEffectiveScreenSize:0]]
[2020.01.01-21.03.58:850][  0]LogConfig: Applying CVar settings from Section [EffectsQuality@3] File [D:/James/MyProject/Saved/Config/Windows/Scalability.ini]
[2020.01.01-21.03.58:850][  0]LogConfig: Setting CVar [[r.TranslucencyLightingVolumeDim:64]]
[2020.01.01-21.03.58:850][  0]LogConfig: Setting CVar [[r.RefractionQuality:2]]
[2020.01.01-21.03.58:850][  0]LogConfig: Setting CVar [[r.SSR.Quality:3]]
[2020.01.01-21.03.58:850][  0]LogConfig: Setting CVar [[r.SceneColorFormat:4]]
[2020.01.01-21.03.58:850][  0]LogConfig: Setting CVar [[r.DetailMode:2]]
[2020.01.01-21.03.58:850][  0]LogConfig: Setting CVar [[r.TranslucencyVolumeBlur:1]]
[2020.01.01-21.03.58:850][  0]LogConfig: Setting CVar [[r.MaterialQualityLevel:1 ; High quality]]
[2020.01.01-21.03.58:850][  0]LogConfig: Setting CVar [[r.SSS.Scale:1]]
[2020.01.01-21.03.58:850][  0]LogConfig: Setting CVar [[r.SSS.SampleSet:2]]
[2020.01.01-21.03.58:850][  0]LogConfig: Setting CVar [[r.SSS.Quality:1]]
[2020.01.01-21.03.58:850][  0]LogConfig: Setting CVar [[r.SSS.HalfRes:1]]
[2020.01.01-21.03.58:850][  0]LogConfig: Setting CVar [[r.EmitterSpawnRateScale:1.0]]
[2020.01.01-21.03.58:850][  0]LogConfig: Setting CVar [[r.ParticleLightQuality:2]]
[2020.01.01-21.03.58:850][  0]LogConfig: Applying CVar settings from Section [FoliageQuality@3] File [D:/James/MyProject/Saved/Config/Windows/Scalability.ini]
[2020.01.01-21.03.58:850][  0]LogConfig: Setting CVar [[foliage.DensityScale:1.0]]
[2020.01.01-21.03.58:850][  0]LogConfig: Setting CVar [[grass.DensityScale:1.0]]
[2020.01.01-21.03.58:850][  0]LogInit: Selected Device Profile: [Windows]
[2020.01.01-21.03.58:850][  0]LogInit: Applying CVar settings loaded from the selected device profile: [Windows]
[2020.01.01-21.03.58:882][  0]LogHAL: Display: Platform has ~ 8 GB [8518451200 / 8589934592 / 8], which maps to Default [LargestMinGB=32, LargerMinGB=12, DefaultMinGB=8, SmallerMinGB=6, SmallestMinGB=0)
[2020.01.01-21.03.58:882][  0]LogConfig: Setting CVar [[r.Vulkan.UseRealUBs:0		; Required until we fix HLR fall-out]]
[2020.01.01-21.03.58:882][  0]LogInit: Going up to parent DeviceProfile []
[2020.01.01-21.03.58:882][  0]LogConfig: Applying CVar settings from Section [ViewDistanceQuality@3] File [D:/James/MyProject/Saved/Config/Windows/Scalability.ini]
[2020.01.01-21.03.58:882][  0]LogConfig: Setting CVar [[r.SkeletalMeshLODBias:0]]
[2020.01.01-21.03.58:882][  0]LogConfig: Setting CVar [[r.ViewDistanceScale:1.0]]
[2020.01.01-21.03.58:882][  0]LogConfig: Applying CVar settings from Section [AntiAliasingQuality@3] File [D:/James/MyProject/Saved/Config/Windows/Scalability.ini]
[2020.01.01-21.03.58:882][  0]LogConfig: Setting CVar [[r.PostProcessAAQuality:4]]
[2020.01.01-21.03.58:882][  0]LogConfig: Applying CVar settings from Section [ShadowQuality@3] File [D:/James/MyProject/Saved/Config/Windows/Scalability.ini]
[2020.01.01-21.03.58:882][  0]LogConfig: Setting CVar [[r.LightFunctionQuality:1]]
[2020.01.01-21.03.58:882][  0]LogConfig: Setting CVar [[r.ShadowQuality:5]]
[2020.01.01-21.03.58:882][  0]LogConfig: Setting CVar [[r.Shadow.CSM.MaxCascades:10]]
[2020.01.01-21.03.58:882][  0]LogConfig: Setting CVar [[r.Shadow.MaxResolution:2048]]
[2020.01.01-21.03.58:882][  0]LogConfig: Setting CVar [[r.Shadow.MaxCSMResolution:2048]]
[2020.01.01-21.03.58:882][  0]LogConfig: Setting CVar [[r.Shadow.RadiusThreshold:0.01]]
[2020.01.01-21.03.58:882][  0]LogConfig: Setting CVar [[r.Shadow.DistanceScale:1.0]]
[2020.01.01-21.03.58:882][  0]LogConfig: Setting CVar [[r.Shadow.CSM.TransitionScale:1.0]]
[2020.01.01-21.03.58:882][  0]LogConfig: Setting CVar [[r.Shadow.PreShadowResolutionFactor:1.0]]
[2020.01.01-21.03.58:882][  0]LogConfig: Setting CVar [[r.DistanceFieldShadowing:1]]
[2020.01.01-21.03.58:882][  0]LogConfig: Setting CVar [[r.DistanceFieldAO:1]]
[2020.01.01-21.03.58:882][  0]LogConfig: Setting CVar [[r.AOQuality:2]]
[2020.01.01-21.03.58:882][  0]LogConfig: Setting CVar [[r.VolumetricFog:1]]
[2020.01.01-21.03.58:882][  0]LogConfig: Setting CVar [[r.VolumetricFog.GridPixelSize:8]]
[2020.01.01-21.03.58:882][  0]LogConfig: Setting CVar [[r.VolumetricFog.GridSizeZ:128]]
[2020.01.01-21.03.58:882][  0]LogConfig: Setting CVar [[r.VolumetricFog.HistoryMissSupersampleCount:4]]
[2020.01.01-21.03.58:882][  0]LogConfig: Setting CVar [[r.LightMaxDrawDistanceScale:1]]
[2020.01.01-21.03.58:882][  0]LogConfig: Setting CVar [[r.CapsuleShadows:1]]
[2020.01.01-21.03.58:882][  0]LogConfig: Applying CVar settings from Section [PostProcessQuality@3] File [D:/James/MyProject/Saved/Config/Windows/Scalability.ini]
[2020.01.01-21.03.58:882][  0]LogConfig: Setting CVar [[r.MotionBlurQuality:4]]
[2020.01.01-21.03.58:882][  0]LogConfig: Setting CVar [[r.AmbientOcclusionMipLevelFactor:0.4]]
[2020.01.01-21.03.58:882][  0]LogConfig: Setting CVar [[r.AmbientOcclusionMaxQuality:100]]
[2020.01.01-21.03.58:882][  0]LogConfig: Setting CVar [[r.AmbientOcclusionLevels:-1]]
[2020.01.01-21.03.58:882][  0]LogConfig: Setting CVar [[r.AmbientOcclusionRadiusScale:1.0]]
[2020.01.01-21.03.58:882][  0]LogConfig: Setting CVar [[r.DepthOfFieldQuality:2]]
[2020.01.01-21.03.58:882][  0]LogConfig: Setting CVar [[r.RenderTargetPoolMin:400]]
[2020.01.01-21.03.58:882][  0]LogConfig: Setting CVar [[r.LensFlareQuality:2]]
[2020.01.01-21.03.58:882][  0]LogConfig: Setting CVar [[r.SceneColorFringeQuality:1]]
[2020.01.01-21.03.58:882][  0]LogConfig: Setting CVar [[r.EyeAdaptationQuality:2]]
[2020.01.01-21.03.58:882][  0]LogConfig: Setting CVar [[r.BloomQuality:5]]
[2020.01.01-21.03.58:882][  0]LogConfig: Setting CVar [[r.FastBlurThreshold:100]]
[2020.01.01-21.03.58:882][  0]LogConfig: Setting CVar [[r.Upscale.Quality:3]]
[2020.01.01-21.03.58:882][  0]LogConfig: Setting CVar [[r.Tonemapper.GrainQuantization:1]]
[2020.01.01-21.03.58:882][  0]LogConfig: Setting CVar [[r.LightShaftQuality:1]]
[2020.01.01-21.03.58:883][  0]LogConfig: Setting CVar [[r.Filter.SizeScale:1]]
[2020.01.01-21.03.58:883][  0]LogConfig: Setting CVar [[r.Tonemapper.Quality:5]]
[2020.01.01-21.03.58:883][  0]LogConfig: Setting CVar [[r.DOF.Gather.AccumulatorQuality:1        ; higher gathering accumulator quality]]
[2020.01.01-21.03.58:883][  0]LogConfig: Setting CVar [[r.DOF.Gather.PostfilterMethod:1          ; Median3x3 postfilering method]]
[2020.01.01-21.03.58:883][  0]LogConfig: Setting CVar [[r.DOF.Gather.EnableBokehSettings:0       ; no bokeh simulation when gathering]]
[2020.01.01-21.03.58:883][  0]LogConfig: Setting CVar [[r.DOF.Gather.RingCount:4                 ; medium number of samples when gathering]]
[2020.01.01-21.03.58:883][  0]LogConfig: Setting CVar [[r.DOF.Scatter.ForegroundCompositing:1    ; additive foreground scattering]]
[2020.01.01-21.03.58:883][  0]LogConfig: Setting CVar [[r.DOF.Scatter.BackgroundCompositing:2    ; additive background scattering]]
[2020.01.01-21.03.58:883][  0]LogConfig: Setting CVar [[r.DOF.Scatter.EnableBokehSettings:1      ; bokeh simulation when scattering]]
[2020.01.01-21.03.58:883][  0]LogConfig: Setting CVar [[r.DOF.Scatter.MaxSpriteRatio:0.1         ; only a maximum of 10% of scattered bokeh]]
[2020.01.01-21.03.58:883][  0]LogConfig: Setting CVar [[r.DOF.Recombine.Quality:1                ; cheap slight out of focus]]
[2020.01.01-21.03.58:883][  0]LogConfig: Setting CVar [[r.DOF.Recombine.EnableBokehSettings:0    ; no bokeh simulation on slight out of focus]]
[2020.01.01-21.03.58:883][  0]LogConfig: Setting CVar [[r.DOF.TemporalAAQuality:1                ; more stable temporal accumulation]]
[2020.01.01-21.03.58:883][  0]LogConfig: Setting CVar [[r.DOF.Kernel.MaxForegroundRadius:0.025]]
[2020.01.01-21.03.58:883][  0]LogConfig: Setting CVar [[r.DOF.Kernel.MaxBackgroundRadius:0.025]]
[2020.01.01-21.03.58:883][  0]LogConfig: Applying CVar settings from Section [TextureQuality@3] File [D:/James/MyProject/Saved/Config/Windows/Scalability.ini]
[2020.01.01-21.03.58:883][  0]LogConfig: Setting CVar [[r.Streaming.MipBias:0]]
[2020.01.01-21.03.58:883][  0]LogConfig: Setting CVar [[r.Streaming.AmortizeCPUToGPUCopy:0]]
[2020.01.01-21.03.58:883][  0]LogConfig: Setting CVar [[r.Streaming.MaxNumTexturesToStreamPerFrame:0]]
[2020.01.01-21.03.58:883][  0]LogConfig: Setting CVar [[r.Streaming.Boost:1]]
[2020.01.01-21.03.58:883][  0]LogConfig: Setting CVar [[r.MaxAnisotropy:8]]
[2020.01.01-21.03.58:883][  0]LogConfig: Setting CVar [[r.Streaming.LimitPoolSizeToVRAM:0]]
[2020.01.01-21.03.58:883][  0]LogConfig: Setting CVar [[r.Streaming.PoolSize:1000]]
[2020.01.01-21.03.58:883][  0]LogConfig: Setting CVar [[r.Streaming.MaxEffectiveScreenSize:0]]
[2020.01.01-21.03.58:883][  0]LogConfig: Applying CVar settings from Section [EffectsQuality@3] File [D:/James/MyProject/Saved/Config/Windows/Scalability.ini]
[2020.01.01-21.03.58:883][  0]LogConfig: Setting CVar [[r.TranslucencyLightingVolumeDim:64]]
[2020.01.01-21.03.58:883][  0]LogConfig: Setting CVar [[r.RefractionQuality:2]]
[2020.01.01-21.03.58:883][  0]LogConfig: Setting CVar [[r.SSR.Quality:3]]
[2020.01.01-21.03.58:883][  0]LogConfig: Setting CVar [[r.SceneColorFormat:4]]
[2020.01.01-21.03.58:883][  0]LogConfig: Setting CVar [[r.DetailMode:2]]
[2020.01.01-21.03.58:883][  0]LogConfig: Setting CVar [[r.TranslucencyVolumeBlur:1]]
[2020.01.01-21.03.58:883][  0]LogConfig: Setting CVar [[r.MaterialQualityLevel:1 ; High quality]]
[2020.01.01-21.03.58:883][  0]LogConfig: Setting CVar [[r.SSS.Scale:1]]
[2020.01.01-21.03.58:883][  0]LogConfig: Setting CVar [[r.SSS.SampleSet:2]]
[2020.01.01-21.03.58:883][  0]LogConfig: Setting CVar [[r.SSS.Quality:1]]
[2020.01.01-21.03.58:883][  0]LogConfig: Setting CVar [[r.SSS.HalfRes:1]]
[2020.01.01-21.03.58:883][  0]LogConfig: Setting CVar [[r.EmitterSpawnRateScale:1.0]]
[2020.01.01-21.03.58:883][  0]LogConfig: Setting CVar [[r.ParticleLightQuality:2]]
[2020.01.01-21.03.58:883][  0]LogConfig: Applying CVar settings from Section [FoliageQuality@3] File [D:/James/MyProject/Saved/Config/Windows/Scalability.ini]
[2020.01.01-21.03.58:883][  0]LogConfig: Setting CVar [[foliage.DensityScale:1.0]]
[2020.01.01-21.03.58:883][  0]LogConfig: Setting CVar [[grass.DensityScale:1.0]]
[2020.01.01-21.03.58:883][  0]LogConfig: Applying CVar settings from Section [Startup] File [../../../Engine/Config/ConsoleVariables.ini]
[2020.01.01-21.03.58:887][  0]LogConfig: Setting CVar [[net.UseAdaptiveNetUpdateFrequency:0]]
[2020.01.01-21.03.58:887][  0]LogConfig: Setting CVar [[p.chaos.AllowCreatePhysxBodies:1]]
[2020.01.01-21.03.58:887][  0]LogConfig: Applying CVar settings from Section [ConsoleVariables] File [D:/James/MyProject/Saved/Config/Windows/Engine.ini]
[2020.01.01-21.03.58:887][  0]LogInit: Computer: MXD010
[2020.01.01-21.03.58:887][  0]LogInit: User: Student
[2020.01.01-21.03.58:887][  0]LogInit: CPU Page size=4096, Cores=6
[2020.01.01-21.03.58:887][  0]LogInit: High frequency timer resolution =10.000000 MHz
[2020.01.01-21.03.58:887][  0]LogMemory: Memory total: Physical=7.9GB (8GB approx)
[2020.01.01-21.03.58:887][  0]LogMemory: Platform Memory Stats for Windows
[2020.01.01-21.03.58:887][  0]LogMemory: Process Physical Memory: 96.83 MB used, 96.83 MB peak
[2020.01.01-21.03.58:887][  0]LogMemory: Process Virtual Memory: 91.39 MB used, 91.39 MB peak
[2020.01.01-21.03.58:887][  0]LogMemory: Physical Memory: 4370.49 MB used,  3753.34 MB free, 8123.83 MB total
[2020.01.01-21.03.58:887][  0]LogMemory: Virtual Memory: 4676.22 MB used,  134213048.00 MB free, 134217728.00 MB total
[2020.01.01-21.03.59:066][  0]LogInit: Using OS detected language (en-US).
[2020.01.01-21.03.59:066][  0]LogInit: Using OS detected locale (en-US).
[2020.01.01-21.03.59:067][  0]LogTextLocalizationManager: No specific localization for 'en-US' exists, so the 'en' localization will be used.
[2020.01.01-21.03.59:332][  0]LogInit: Setting process to per monitor DPI aware
[2020.01.01-21.03.59:411][  0]LogSlate: New Slate User Created.  User Index 0, Is Virtual User: 0
[2020.01.01-21.03.59:411][  0]LogSlate: Slate User Registered.  User Index 0, Is Virtual User: 0
[2020.01.01-21.04.01:496][  0]LogHMD: Failed to initialize OpenVR with code 110
[2020.01.01-21.04.01:496][  0]LogD3D11RHI: D3D11 adapters:
[2020.01.01-21.04.01:545][  0]LogD3D11RHI:    0. 'Radeon (TM) RX 470 Graphics' (Feature Level 11_0)
[2020.01.01-21.04.01:545][  0]LogD3D11RHI:       4041/0/4061 MB DedicatedVideo/DedicatedSystem/SharedSystem, Outputs:1, VendorId:0x1002
[2020.01.01-21.04.01:547][  0]LogD3D11RHI:    1. 'Microsoft Basic Render Driver' (Feature Level 11_0)
[2020.01.01-21.04.01:547][  0]LogD3D11RHI:       0/0/4061 MB DedicatedVideo/DedicatedSystem/SharedSystem, Outputs:0, VendorId:0x1414
[2020.01.01-21.04.01:547][  0]LogD3D11RHI: Chosen D3D11 Adapter: 0
[2020.01.01-21.04.01:558][  0]LogD3D11RHI: Creating new Direct3DDevice
[2020.01.01-21.04.01:558][  0]LogD3D11RHI:     GPU DeviceId: 0x67df (for the marketing name, search the web for "GPU Device Id")
[2020.01.01-21.04.01:558][  0]LogWindows: EnumDisplayDevices:
[2020.01.01-21.04.01:558][  0]LogWindows:    0. 'Radeon (TM) RX 470 Graphics' (P:1 D:1)
[2020.01.01-21.04.01:559][  0]LogWindows:    1. 'Radeon (TM) RX 470 Graphics' (P:0 D:0)
[2020.01.01-21.04.01:559][  0]LogWindows:    2. 'Radeon (TM) RX 470 Graphics' (P:0 D:0)
[2020.01.01-21.04.01:559][  0]LogWindows:    3. 'Radeon (TM) RX 470 Graphics' (P:0 D:0)
[2020.01.01-21.04.01:559][  0]LogWindows:    4. 'Radeon (TM) RX 470 Graphics' (P:0 D:0)
[2020.01.01-21.04.01:560][  0]LogWindows:    5. 'Radeon (TM) RX 470 Graphics' (P:0 D:0)
[2020.01.01-21.04.01:560][  0]LogWindows:    6. 'Radeon (TM) RX 470 Graphics' (P:0 D:0)
[2020.01.01-21.04.01:560][  0]LogWindows:    7. 'Radeon (TM) RX 470 Graphics' (P:0 D:0)
[2020.01.01-21.04.01:560][  0]LogWindows: DebugString: FoundDriverCount:8 
[2020.01.01-21.04.01:560][  0]LogD3D11RHI:     Adapter Name: Radeon (TM) RX 470 Graphics
[2020.01.01-21.04.01:560][  0]LogD3D11RHI:   Driver Version: Adrenalin 19.20 (internal:26.20.12028.2, unified:26.20.12028.2)
[2020.01.01-21.04.01:560][  0]LogD3D11RHI:      Driver Date: 8-16-2019
[2020.01.01-21.04.01:560][  0]LogRHI: Texture pool is 2828 MB (70% of 4041 MB)
[2020.01.01-21.04.01:619][  0]LogD3D11RHI: Async texture creation enabled
[2020.01.01-21.04.01:622][  0]LogRendererCore: FGlobalReadBuffer::InitRHI
[2020.01.01-21.04.01:622][  0]LogRendererCore: FGlobalReadBuffer::InitRHI
[2020.01.01-21.04.01:622][  0]LogRendererCore: FGlobalReadBuffer::InitRHI
[2020.01.01-21.04.01:629][  0]LogD3D11RHI: GPU Timing Frequency: 25.000000 (Debug: 2 1)
[2020.01.01-21.04.02:805][  0]LogTemp: Display: Module 'AllDesktopTargetPlatform' loaded TargetPlatform 'AllDesktop'
[2020.01.01-21.04.02:849][  0]LogTemp: Display: Module 'MacClientTargetPlatform' loaded TargetPlatform 'MacClient'
[2020.01.01-21.04.02:886][  0]LogTemp: Display: Module 'MacNoEditorTargetPlatform' loaded TargetPlatform 'MacNoEditor'
[2020.01.01-21.04.02:919][  0]LogTemp: Display: Module 'MacServerTargetPlatform' loaded TargetPlatform 'MacServer'
[2020.01.01-21.04.02:960][  0]LogTemp: Display: Module 'MacTargetPlatform' loaded TargetPlatform 'Mac'
[2020.01.01-21.04.02:987][  0]LogTemp: Display: Module 'WindowsClientTargetPlatform' loaded TargetPlatform 'WindowsClient'
[2020.01.01-21.04.03:014][  0]LogTemp: Display: Module 'WindowsNoEditorTargetPlatform' loaded TargetPlatform 'WindowsNoEditor'
[2020.01.01-21.04.03:039][  0]LogTemp: Display: Module 'WindowsServerTargetPlatform' loaded TargetPlatform 'WindowsServer'
[2020.01.01-21.04.03:062][  0]LogTemp: Display: Module 'WindowsTargetPlatform' loaded TargetPlatform 'Windows'
[2020.01.01-21.04.03:192][  0]LogTemp: Display: Module 'AndroidTargetPlatform' loaded TargetPlatform 'Android'
[2020.01.01-21.04.03:192][  0]LogTemp: Display: Module 'AndroidTargetPlatform' loaded TargetPlatform 'Android_ASTC'
[2020.01.01-21.04.03:192][  0]LogTemp: Display: Module 'AndroidTargetPlatform' loaded TargetPlatform 'Android_ATC'
[2020.01.01-21.04.03:192][  0]LogTemp: Display: Module 'AndroidTargetPlatform' loaded TargetPlatform 'Android_DXT'
[2020.01.01-21.04.03:192][  0]LogTemp: Display: Module 'AndroidTargetPlatform' loaded TargetPlatform 'Android_ETC1'
[2020.01.01-21.04.03:192][  0]LogTemp: Display: Module 'AndroidTargetPlatform' loaded TargetPlatform 'Android_ETC1a'
[2020.01.01-21.04.03:192][  0]LogTemp: Display: Module 'AndroidTargetPlatform' loaded TargetPlatform 'Android_ETC2'
[2020.01.01-21.04.03:192][  0]LogTemp: Display: Module 'AndroidTargetPlatform' loaded TargetPlatform 'Android_PVRTC'
[2020.01.01-21.04.03:192][  0]LogTemp: Display: Module 'AndroidTargetPlatform' loaded TargetPlatform 'AndroidClient'
[2020.01.01-21.04.03:192][  0]LogTemp: Display: Module 'AndroidTargetPlatform' loaded TargetPlatform 'Android_ASTCClient'
[2020.01.01-21.04.03:192][  0]LogTemp: Display: Module 'AndroidTargetPlatform' loaded TargetPlatform 'Android_ATCClient'
[2020.01.01-21.04.03:192][  0]LogTemp: Display: Module 'AndroidTargetPlatform' loaded TargetPlatform 'Android_DXTClient'
[2020.01.01-21.04.03:192][  0]LogTemp: Display: Module 'AndroidTargetPlatform' loaded TargetPlatform 'Android_ETC1Client'
[2020.01.01-21.04.03:192][  0]LogTemp: Display: Module 'AndroidTargetPlatform' loaded TargetPlatform 'Android_ETC1aClient'
[2020.01.01-21.04.03:192][  0]LogTemp: Display: Module 'AndroidTargetPlatform' loaded TargetPlatform 'Android_ETC2Client'
[2020.01.01-21.04.03:192][  0]LogTemp: Display: Module 'AndroidTargetPlatform' loaded TargetPlatform 'Android_PVRTCClient'
[2020.01.01-21.04.03:192][  0]LogTemp: Display: Module 'AndroidTargetPlatform' loaded TargetPlatform 'Android_Multi'
[2020.01.01-21.04.03:192][  0]LogTemp: Display: Module 'AndroidTargetPlatform' loaded TargetPlatform 'Android_MultiClient'
[2020.01.01-21.04.03:215][  0]LogTemp: Display: Module 'HTML5TargetPlatform' loaded TargetPlatform 'HTML5'
[2020.01.01-21.04.03:355][  0]LogTemp: Display: Module 'IOSTargetPlatform' loaded TargetPlatform 'IOSClient'
[2020.01.01-21.04.03:355][  0]LogTemp: Display: Module 'IOSTargetPlatform' loaded TargetPlatform 'IOS'
[2020.01.01-21.04.03:402][  0]LogTemp: Display: Module 'TVOSTargetPlatform' loaded TargetPlatform 'TVOSClient'
[2020.01.01-21.04.03:402][  0]LogTemp: Display: Module 'TVOSTargetPlatform' loaded TargetPlatform 'TVOS'
[2020.01.01-21.04.03:451][  0]LogTemp: Display: Module 'LinuxClientTargetPlatform' loaded TargetPlatform 'LinuxClient'
[2020.01.01-21.04.03:509][  0]LogTemp: Display: Module 'LinuxNoEditorTargetPlatform' loaded TargetPlatform 'LinuxNoEditor'
[2020.01.01-21.04.03:569][  0]LogTemp: Display: Module 'LinuxServerTargetPlatform' loaded TargetPlatform 'LinuxServer'
[2020.01.01-21.04.03:621][  0]LogTemp: Display: Module 'LinuxTargetPlatform' loaded TargetPlatform 'Linux'
[2020.01.01-21.04.03:716][  0]LogTemp: Display: Module 'LuminTargetPlatform' loaded TargetPlatform 'Lumin'
[2020.01.01-21.04.03:716][  0]LogTemp: Display: Module 'LuminTargetPlatform' loaded TargetPlatform 'LuminClient'
[2020.01.01-21.04.03:716][  0]LogTargetPlatformManager: Display: Building Assets For Windows
[2020.01.01-21.04.03:801][  0]LogAudioDebug: Display: Lib vorbis DLL was dynamically loaded.
[2020.01.01-21.04.04:180][  0]LogShaderCompilers: Guid format shader working directory is 21 characters bigger than the processId version (../../../../James/MyProject/Intermediate/Shaders/WorkingDirectory/2284/).
[2020.01.01-21.04.04:180][  0]LogShaderCompilers: Cleaned the shader compiler working directory 'C:/Users/Student/AppData/Local/Temp/UnrealShaderWorkingDir/4C569E9C4B17952F20D3F293F312B66C/'.
[2020.01.01-21.04.04:184][  0]LogXGEController: Cleaning working directory: C:/Users/Student/AppData/Local/Temp/UnrealXGEWorkingDir/
[2020.01.01-21.04.04:184][  0]LogXGEController: Cannot use XGE Controller as Incredibuild is not installed on this machine.
[2020.01.01-21.04.04:184][  0]LogShaderCompilers: Cannot use XGE Shader Compiler as Incredibuild is not installed on this machine.
[2020.01.01-21.04.04:184][  0]LogShaderCompilers: Display: Using Local Shader Compiler.
[2020.01.01-21.04.06:456][  0]LogDerivedDataCache: Display: Max Cache Size: 512 MB
[2020.01.01-21.04.06:544][  0]LogDerivedDataCache: Loaded boot cache 0.09s 72MB C:/Users/Student/AppData/Local/UnrealEngine/4.22/DerivedDataCache/Boot.ddc.
[2020.01.01-21.04.06:544][  0]LogDerivedDataCache: Display: Loaded Boot cache: C:/Users/Student/AppData/Local/UnrealEngine/4.22/DerivedDataCache/Boot.ddc
[2020.01.01-21.04.06:544][  0]LogDerivedDataCache: FDerivedDataBackendGraph:  Pak pak cache file ../../../../James/MyProject/DerivedDataCache/DDC.ddp not found, will not use a pak cache.
[2020.01.01-21.04.06:544][  0]LogDerivedDataCache: Unable to find inner node Pak for hierarchical cache Hierarchy.
[2020.01.01-21.04.06:544][  0]LogDerivedDataCache: FDerivedDataBackendGraph:  CompressedPak pak cache file ../../../../James/MyProject/DerivedDataCache/Compressed.ddp not found, will not use a pak cache.
[2020.01.01-21.04.06:544][  0]LogDerivedDataCache: Unable to find inner node CompressedPak for hierarchical cache Hierarchy.
[2020.01.01-21.04.06:570][  0]LogDerivedDataCache: Display: Pak cache opened for reading ../../../Engine/DerivedDataCache/Compressed.ddp.
[2020.01.01-21.04.06:571][  0]LogDerivedDataCache: FDerivedDataBackendGraph:  EnterprisePak pak cache file ../../../Enterprise/DerivedDataCache/Compressed.ddp not found, will not use a pak cache.
[2020.01.01-21.04.06:571][  0]LogDerivedDataCache: Unable to find inner node EnterprisePak for hierarchical cache Hierarchy.
[2020.01.01-21.04.06:583][  0]LogDerivedDataCache: Using Local data cache path C:/Users/Student/AppData/Local/UnrealEngine/Common/DerivedDataCache: Writable
[2020.01.01-21.04.06:583][  0]LogDerivedDataCache: Shared data cache path not found in *engine.ini, will not use an Shared cache.
[2020.01.01-21.04.06:583][  0]LogDerivedDataCache: Unable to find inner node Shared for hierarchical cache Hierarchy.
[2020.01.01-21.04.06:620][  0]LogMaterial: Verifying Global Shaders for PCD3D_SM5
[2020.01.01-21.04.06:621][  0]LogSlate: Using FreeType 2.6.0
[2020.01.01-21.04.06:635][  0]LogSlate: SlateFontServices - WITH_FREETYPE: 1, WITH_HARFBUZZ: 1
[2020.01.01-21.04.06:827][  0]LogAssetRegistry: FAssetRegistry took 0.0528 seconds to start up
[2020.01.01-21.04.07:222][  0]LogInit: Selected Device Profile: [Windows]
[2020.01.01-21.04.07:665][  0]LogMeshReduction: Using QuadricMeshReduction for automatic static mesh reduction
[2020.01.01-21.04.07:665][  0]LogMeshReduction: Using SimplygonMeshReduction for automatic skeletal mesh reduction
[2020.01.01-21.04.07:665][  0]LogMeshReduction: Using ProxyLODMeshReduction for automatic mesh merging
[2020.01.01-21.04.07:665][  0]LogMeshReduction: No distributed automatic mesh merging module available
[2020.01.01-21.04.07:665][  0]LogMeshMerging: No distributed automatic mesh merging module available
[2020.01.01-21.04.07:712][  0]LogNetVersion: MyProject 1.0.0, NetCL: 5660361, EngineNetVer: 10, GameNetVer: 0 (Checksum: 2788865488)
[2020.01.01-21.04.08:679][  0]LogPackageLocalizationCache: Processed 10 localized package path(s) for 1 prioritized culture(s) in 0.045644 seconds
[2020.01.01-21.04.08:686][  0]LogUObjectArray: 42205 objects as part of root set at end of initial load.
[2020.01.01-21.04.08:686][  0]LogUObjectAllocator: 7325032 out of 0 bytes used by permanent object pool.
[2020.01.01-21.04.08:686][  0]LogUObjectArray: CloseDisregardForGC: 0/0 objects in disregard for GC pool
[2020.01.01-21.04.11:391][  0]LogTcpMessaging: Initializing TcpMessaging bridge
[2020.01.01-21.04.11:421][  0]LogUdpMessaging: Initializing bridge on interface 0.0.0.0:0 to multicast group 230.0.0.1:6666.
[2020.01.01-21.04.11:840][  0]SourceControl: Source control is disabled
[2020.01.01-21.04.11:840][  0]SourceControl: Source control is disabled
[2020.01.01-21.04.11:862][  0]SourceControl: Source control is disabled
[2020.01.01-21.04.11:880][  0]SourceControl: Source control is disabled
[2020.01.01-21.04.12:557][  0]LogAndroidPermission: UAndroidPermissionCallbackProxy::GetInstance
[2020.01.01-21.04.12:935][  0]LogOcInput: OculusInput pre-init called
[2020.01.01-21.04.13:931][  0]LogEngine: Initializing Engine...
[2020.01.01-21.04.13:933][  0]LogHMD: Failed to initialize OpenVR with code 110
[2020.01.01-21.04.13:935][  0]LogStats: UGameplayTagsManager::InitializeManager -  0.000 s
[2020.01.01-21.04.14:388][  0]LogInit: Initializing FReadOnlyCVARCache
[2020.01.01-21.04.14:427][  0]LogAIModule: Creating AISystem for world Untitled
[2020.01.01-21.04.14:443][  0]LogInit: XAudio2 using 'Speakers (2- Logitech USB Headset)' : 2 channels at 48 kHz using 16 bits per sample (channel mask 0x3)
[2020.01.01-21.04.14:530][  0]LogInit: FAudioDevice initialized.
[2020.01.01-21.04.14:530][  0]LogNetVersion: Set ProjectVersion to 1.0.0.0. Version Checksum will be recalculated on next use.
[2020.01.01-21.04.14:629][  0]LogDerivedDataCache: Saved boot cache 0.10s 71MB C:/Users/Student/AppData/Local/UnrealEngine/4.22/DerivedDataCache/Boot.ddc.
[2020.01.01-21.04.14:636][  0]LogInit: Texture streaming: Enabled
[2020.01.01-21.04.14:701][  0]LogEngineSessionManager: EngineSessionManager initialized
[2020.01.01-21.04.14:755][  0]LogInit: Transaction tracking system initialized
[2020.01.01-21.04.14:862][  0]BlueprintLog: New page: Editor Load
[2020.01.01-21.04.15:308][  0]LocalizationService: Localization service is disabled
[2020.01.01-21.04.16:218][  0]LogFileCache: Scanning file cache for directory 'D:/James/MyProject/Content/' took 0.02s
[2020.01.01-21.04.16:218][  0]LogCook: Display: Max memory allowance for cook 16384mb min free memory 0mb
[2020.01.01-21.04.16:218][  0]LogCook: Display: Mobile HDR setting 1
[2020.01.01-21.04.17:043][  0]SourceControl: Source control is disabled
[2020.01.01-21.04.17:044][  0]Cmd: MAP LOAD FILE="../../../../James/MyProject/Content/SideScrollerBP/Maps/SideScrollerExampleMap.umap" TEMPLATE=0 SHOWPROGRESS=1 FEATURELEVEL=3
[2020.01.01-21.04.17:044][  0]LightingResults: New page: Lighting Build
[2020.01.01-21.04.17:046][  0]MapCheck: New page: Map Check
[2020.01.01-21.04.17:046][  0]LightingResults: New page: Lighting Build
[2020.01.01-21.04.17:092][  0]LogUObjectHash: Compacting FUObjectHashTables data took   1.89ms
[2020.01.01-21.04.17:709][  0]LogAIModule: Creating AISystem for world SideScrollerExampleMap
[2020.01.01-21.04.17:726][  0]LogEditorServer: Finished looking for orphan Actors (0.000 secs)
[2020.01.01-21.04.17:771][  0]LogUObjectHash: Compacting FUObjectHashTables data took   2.12ms
[2020.01.01-21.04.17:771][  0]Cmd: MAP CHECKDEP NOCLEARLOG
[2020.01.01-21.04.17:772][  0]MapCheck: Map check complete: 0 Error(s), 0 Warning(s), took 0.115ms to complete.
[2020.01.01-21.04.17:772][  0]LogFileHelpers: Loading map 'SideScrollerExampleMap' took 0.728
[2020.01.01-21.04.17:919][  0]LogSlate: Updating window title bar state: overlay mode, drag disabled, window buttons hidden, title bar hidden
[2020.01.01-21.04.17:926][  0]LogSlate: Updating window title bar state: overlay mode, drag disabled, window buttons hidden, title bar hidden
[2020.01.01-21.04.17:933][  0]LogSlate: Updating window title bar state: overlay mode, drag disabled, window buttons hidden, title bar hidden
[2020.01.01-21.04.17:940][  0]LogSlate: Updating window title bar state: overlay mode, drag disabled, window buttons hidden, title bar hidden
[2020.01.01-21.04.17:962][  0]LogCollectionManager: Loaded 0 collections in 0.001998 seconds
[2020.01.01-21.04.17:977][  0]LogFileCache: Scanning file cache for directory 'D:/James/MyProject/Saved/Collections/' took 0.01s
[2020.01.01-21.04.17:977][  0]LogFileCache: Scanning file cache for directory 'D:/James/MyProject/Content/Developers/Student/Collections/' took 0.00s
[2020.01.01-21.04.17:977][  0]LogFileCache: Scanning file cache for directory 'D:/James/MyProject/Content/Collections/' took 0.00s
[2020.01.01-21.04.17:977][  0]LogCollectionManager: Rebuilt the GUID cache for 0 collections in 0.000000 seconds
[2020.01.01-21.04.17:986][  0]LogContentBrowser: Native class hierarchy populated in 0.0091 seconds. Added 2732 classes and 659 folders.
[2020.01.01-21.04.17:990][  0]LogContentBrowser: Native class hierarchy updated for 'WidgetCarousel' in 0.0002 seconds. Added 0 classes and 0 folders.
[2020.01.01-21.04.17:995][  0]LogPakFile: Registered encryption key '00000000000000000000000000000000': 0 pak files mounted, 0 remain pending
[2020.01.01-21.04.18:000][  0]LogPakFile: Registered encryption key '00000000000000000000000000000000': 0 pak files mounted, 0 remain pending
[2020.01.01-21.04.18:015][  0]LogPakFile: Registered encryption key '00000000000000000000000000000000': 0 pak files mounted, 0 remain pending
[2020.01.01-21.04.18:019][  0]LogPakFile: Registered encryption key '00000000000000000000000000000000': 0 pak files mounted, 0 remain pending
[2020.01.01-21.04.18:024][  0]LogPakFile: Registered encryption key '00000000000000000000000000000000': 0 pak files mounted, 0 remain pending
[2020.01.01-21.04.18:028][  0]LogPakFile: Registered encryption key '00000000000000000000000000000000': 0 pak files mounted, 0 remain pending
[2020.01.01-21.04.18:033][  0]LogPakFile: Registered encryption key '00000000000000000000000000000000': 0 pak files mounted, 0 remain pending
[2020.01.01-21.04.18:038][  0]LogPakFile: Registered encryption key '00000000000000000000000000000000': 0 pak files mounted, 0 remain pending
[2020.01.01-21.04.18:043][  0]LogPakFile: Registered encryption key '00000000000000000000000000000000': 0 pak files mounted, 0 remain pending
[2020.01.01-21.04.18:049][  0]LogPakFile: Registered encryption key '00000000000000000000000000000000': 0 pak files mounted, 0 remain pending
[2020.01.01-21.04.18:054][  0]LogPakFile: Registered encryption key '00000000000000000000000000000000': 0 pak files mounted, 0 remain pending
[2020.01.01-21.04.18:058][  0]LogPakFile: Registered encryption key '00000000000000000000000000000000': 0 pak files mounted, 0 remain pending
[2020.01.01-21.04.18:063][  0]LogPakFile: Registered encryption key '00000000000000000000000000000000': 0 pak files mounted, 0 remain pending
[2020.01.01-21.04.18:068][  0]LogPakFile: Registered encryption key '00000000000000000000000000000000': 0 pak files mounted, 0 remain pending
[2020.01.01-21.04.18:073][  0]LogPakFile: Registered encryption key '00000000000000000000000000000000': 0 pak files mounted, 0 remain pending
[2020.01.01-21.04.18:077][  0]LogPakFile: Registered encryption key '00000000000000000000000000000000': 0 pak files mounted, 0 remain pending
[2020.01.01-21.04.18:106][  0]LogPakFile: Registered encryption key '00000000000000000000000000000000': 0 pak files mounted, 0 remain pending
[2020.01.01-21.04.18:111][  0]LogPakFile: Registered encryption key '00000000000000000000000000000000': 0 pak files mounted, 0 remain pending
[2020.01.01-21.04.18:115][  0]LogPakFile: Registered encryption key '00000000000000000000000000000000': 0 pak files mounted, 0 remain pending
[2020.01.01-21.04.18:120][  0]LogPakFile: Registered encryption key '00000000000000000000000000000000': 0 pak files mounted, 0 remain pending
[2020.01.01-21.04.18:125][  0]LogPakFile: Registered encryption key '00000000000000000000000000000000': 0 pak files mounted, 0 remain pending
[2020.01.01-21.04.18:134][  0]LogPakFile: Registered encryption key '00000000000000000000000000000000': 0 pak files mounted, 0 remain pending
[2020.01.01-21.04.18:141][  0]LogPakFile: Registered encryption key '00000000000000000000000000000000': 0 pak files mounted, 0 remain pending
[2020.01.01-21.04.18:145][  0]LogPakFile: Registered encryption key '00000000000000000000000000000000': 0 pak files mounted, 0 remain pending
[2020.01.01-21.04.18:150][  0]LogPakFile: Registered encryption key '00000000000000000000000000000000': 0 pak files mounted, 0 remain pending
[2020.01.01-21.04.18:154][  0]LogPakFile: Registered encryption key '00000000000000000000000000000000': 0 pak files mounted, 0 remain pending
[2020.01.01-21.04.18:283][  0]LogContentBrowser: Native class hierarchy updated for 'AddContentDialog' in 0.0005 seconds. Added 0 classes and 0 folders.
[2020.01.01-21.04.18:309][  0]LogContentBrowser: Native class hierarchy updated for 'SceneOutliner' in 0.0003 seconds. Added 1 classes and 2 folders.
[2020.01.01-21.04.18:333][  0]LogSlate: Took 0.008620 seconds to synchronously load lazily loaded font '../../../Engine/Content/Slate/Fonts/Roboto-Regular.ttf' (155K)
[2020.01.01-21.04.18:338][  0]LogSlate: Took 0.003840 seconds to synchronously load lazily loaded font '../../../Engine/Content/Slate/Fonts/Roboto-Bold.ttf' (160K)
[2020.01.01-21.04.18:353][  0]LogSlate: Took 0.004350 seconds to synchronously load lazily loaded font '../../../Engine/Content/Editor/Slate/Fonts/FontAwesome.ttf' (139K)
[2020.01.01-21.04.18:466][  0]LogRenderer: Reallocating scene render targets to support 1064x572 Format 10 NumSamples 1 (Frame:1).
[2020.01.01-21.04.18:652][  0]LogContentBrowser: Native class hierarchy updated for 'HierarchicalLODOutliner' in 0.0003 seconds. Added 0 classes and 0 folders.
[2020.01.01-21.04.18:652][  0]LogLoad: (Engine Initialization) Total time: 24.39 seconds
[2020.01.01-21.04.18:652][  0]LogLoad: (Engine Initialization) Total Blueprint compile time: 0.00 seconds
[2020.01.01-21.04.18:701][  0]LogAssetRegistry: Asset discovery search completed in 11.8966 seconds
[2020.01.01-21.04.18:703][  0]LogCollectionManager: Rebuilt the object cache for 0 collections in 0.000000 seconds (found 0 objects)
[2020.01.01-21.04.18:704][  0]LogCollectionManager: Fixed up redirectors for 0 collections in 0.000038 seconds (updated 0 objects)
[2020.01.01-21.04.18:705][  0]LogContentStreaming: Texture pool size now 1000 MB
[2020.01.01-21.04.18:755][  0]LogSlate: Took 0.005553 seconds to synchronously load lazily loaded font '../../../Engine/Content/Slate/Fonts/Roboto-Light.ttf' (167K)
[2020.01.01-21.04.24:265][630]LogSlate: FSceneViewport::OnFocusLost() reason 0
[2020.01.01-21.04.24:339][639]LogTemp: Repeating last play command: Selected Viewport
[2020.01.01-21.04.24:349][639]LogBlueprintUserMessages: Early PlayInEditor Detection: Level '/Game/SideScrollerBP/Maps/SideScrollerExampleMap.SideScrollerExampleMap:PersistentLevel' has LevelScriptBlueprint '/Game/SideScrollerBP/Maps/SideScrollerExampleMap.SideScrollerExampleMap:PersistentLevel.SideScrollerExampleMap' with GeneratedClass '/Game/SideScrollerBP/Maps/SideScrollerExampleMap.SideScrollerExampleMap_C' with ClassGeneratedBy '/Game/SideScrollerBP/Maps/SideScrollerExampleMap.SideScrollerExampleMap:PersistentLevel.SideScrollerExampleMap'
[2020.01.01-21.04.24:349][639]LogPlayLevel: PlayLevel: No blueprints needed recompiling
[2020.01.01-21.04.24:350][639]PIE: New page: PIE session: SideScrollerExampleMap (Jan 1, 2020, 5:04:24 AM)
[2020.01.01-21.04.24:362][639]LogPlayLevel: Creating play world package: /Game/SideScrollerBP/Maps/UEDPIE_0_SideScrollerExampleMap
[2020.01.01-21.04.24:379][639]LogPlayLevel: PIE: StaticDuplicateObject took: (0.016685s)
[2020.01.01-21.04.24:379][639]LogAIModule: Creating AISystem for world SideScrollerExampleMap
[2020.01.01-21.04.24:380][639]LogPlayLevel: PIE: World Init took: (0.001043s)
[2020.01.01-21.04.24:380][639]LogPlayLevel: PIE: Created PIE world by copying editor world from /Game/SideScrollerBP/Maps/SideScrollerExampleMap.SideScrollerExampleMap to /Game/SideScrollerBP/Maps/UEDPIE_0_SideScrollerExampleMap.SideScrollerExampleMap (0.018003s)
[2020.01.01-21.04.24:413][639]LogUObjectHash: Compacting FUObjectHashTables data took   1.13ms
[2020.01.01-21.04.24:426][639]LogInit: XAudio2 using 'Speakers (2- Logitech USB Headset)' : 2 channels at 48 kHz using 16 bits per sample (channel mask 0x3)
[2020.01.01-21.04.24:436][639]LogInit: FAudioDevice initialized.
[2020.01.01-21.04.24:487][639]LogLoad: Game class is 'SideScrollerGameMode_C'
[2020.01.01-21.04.24:491][639]LogWorld: Bringing World /Game/SideScrollerBP/Maps/UEDPIE_0_SideScrollerExampleMap.SideScrollerExampleMap up for play (max tick rate 0) at 2020.01.01-13.04.24
[2020.01.01-21.04.24:491][639]LogWorld: Bringing up level for play took: 0.002971
[2020.01.01-21.04.24:512][639]LogContentBrowser: Native class hierarchy updated for 'MovieSceneCapture' in 0.0006 seconds. Added 20 classes and 0 folders.
[2020.01.01-21.04.24:512][639]PIE: Play in editor start time for /Game/SideScrollerBP/Maps/UEDPIE_0_SideScrollerExampleMap 1.052
[2020.01.01-21.04.24:513][639]LogBlueprintUserMessages: Late PlayInEditor Detection: Level '/Game/SideScrollerBP/Maps/SideScrollerExampleMap.SideScrollerExampleMap:PersistentLevel' has LevelScriptBlueprint '/Game/SideScrollerBP/Maps/SideScrollerExampleMap.SideScrollerExampleMap:PersistentLevel.SideScrollerExampleMap' with GeneratedClass '/Game/SideScrollerBP/Maps/SideScrollerExampleMap.SideScrollerExampleMap_C' with ClassGeneratedBy '/Game/SideScrollerBP/Maps/SideScrollerExampleMap.SideScrollerExampleMap:PersistentLevel.SideScrollerExampleMap'
[2020.01.01-21.11.35:481][ 35]LogSlate: FSceneViewport::OnFocusLost() reason 0
